2024-05-09 18:17:06,976 INFO o.a.j.u.JMeterUtils: Setting Locale to en_EN
2024-05-09 18:17:07,024 INFO o.a.j.JMeter: Loading user properties from: /usr/local/Cellar/jmeter/5.6.2/libexec/bin/user.properties
2024-05-09 18:17:07,025 INFO o.a.j.JMeter: Loading system properties from: /usr/local/Cellar/jmeter/5.6.2/libexec/bin/system.properties
2024-05-09 18:17:07,034 INFO o.a.j.JMeter: Copyright (c) 1998-2023 The Apache Software Foundation
2024-05-09 18:17:07,034 INFO o.a.j.JMeter: Version 5.6.2
2024-05-09 18:17:07,034 INFO o.a.j.JMeter: java.version=17.0.8.1
2024-05-09 18:17:07,034 INFO o.a.j.JMeter: java.vm.name=OpenJDK 64-Bit Server VM
2024-05-09 18:17:07,034 INFO o.a.j.JMeter: os.name=Mac OS X
2024-05-09 18:17:07,034 INFO o.a.j.JMeter: os.arch=x86_64
2024-05-09 18:17:07,034 INFO o.a.j.JMeter: os.version=14.4.1
2024-05-09 18:17:07,034 INFO o.a.j.JMeter: file.encoding=UTF-8
2024-05-09 18:17:07,035 INFO o.a.j.JMeter: java.awt.headless=null
2024-05-09 18:17:07,035 INFO o.a.j.JMeter: Max memory     =1073741824
2024-05-09 18:17:07,035 INFO o.a.j.JMeter: Available Processors =12
2024-05-09 18:17:07,048 INFO o.a.j.JMeter: Default Locale=English (EN)
2024-05-09 18:17:07,048 INFO o.a.j.JMeter: JMeter  Locale=English (EN)
2024-05-09 18:17:07,048 INFO o.a.j.JMeter: JMeterHome=/usr/local/Cellar/jmeter/5.6.2/libexec
2024-05-09 18:17:07,048 INFO o.a.j.JMeter: user.dir  =/Users/danisaavedra/Downloads/solidexample
2024-05-09 18:17:07,049 INFO o.a.j.JMeter: PWD       =/Users/danisaavedra/Downloads/solidexample
2024-05-09 18:17:07,052 INFO o.a.j.JMeter: IP: 192.168.80.16 Name: 192.168.80.16 FullName: 192.168.80.16
2024-05-09 18:17:07,073 INFO o.a.j.JMeter: Loaded icon properties from org/apache/jmeter/images/icon.properties
2024-05-09 18:17:08,657 INFO o.a.j.JMeterGuiLauncher: Setting LAF to: com.github.weisj.darklaf.DarkLaf:com.github.weisj.darklaf.theme.DarculaTheme
2024-05-09 18:17:11,854 INFO o.a.j.r.ClassFinder: Will scan jar /usr/local/Cellar/jmeter/5.6.2/libexec/lib/ext/jmeter-plugins-manager-1.9.jar with filter ExtendsClassFilter [parents=[interface org.apache.jmeter.gui.action.Command], inner=false, contains=null, notContains=null]. Consider exposing JMeter plugins via META-INF/services, and add JMeter-Skip-Class-Scanning=true manifest attribute so JMeter can skip classfile scanning
2024-05-09 18:17:12,123 INFO o.a.j.r.ClassFinder: Will scan jar /usr/local/Cellar/jmeter/5.6.2/libexec/lib/ext/jmeter-plugins-manager-1.9.jar with filter ExtendsClassFilter [parents=[interface org.apache.jmeter.gui.plugin.MenuCreator], inner=false, contains=null, notContains=null]. Consider exposing JMeter plugins via META-INF/services, and add JMeter-Skip-Class-Scanning=true manifest attribute so JMeter can skip classfile scanning
2024-05-09 18:17:12,290 INFO o.j.r.JARSourceHTTP: Requesting https://jmeter-plugins.org/repo/?installID=mac_os_x-370327394016f7af864031fa368b43e9-gui
2024-05-09 18:17:14,059 INFO o.j.r.PluginManager: Plugins Status: [jpgc-plugins-manager=1.9, jmeter-core=5.6.2, jmeter-ftp=5.6.2, jmeter-http=5.6.2, jmeter-jdbc=5.6.2, jmeter-jms=5.6.2, jmeter-junit=5.6.2, jmeter-java=5.6.2, jmeter-ldap=5.6.2, jmeter-mail=5.6.2, jmeter-mongodb=5.6.2, jmeter-native=5.6.2, jmeter-tcp=5.6.2, jmeter-components=5.6.2]
2024-05-09 18:17:14,060 INFO o.j.r.PluginManagerMenuItem: Plugins Manager has upgrades: [jpgc-plugins-manager]
